<?xml version="1.0" encoding="UTF-8"?>
<!-- Generated by org.testng.reporters.JUnitReportReporter -->
<testsuite hostname="dluaaro2662438" name="com.bloomberg.controller.UploadControllerTest" tests="1" failures="0" timestamp="30 Dec 2017 12:21:21 GMT" time="0.343" errors="0">
  <testcase name="upload" time="0.343" classname="com.bloomberg.controller.UploadControllerTest"/>
</testsuite> <!-- com.bloomberg.controller.UploadControllerTest -->
